This is pdfTeX, Version 3.14159265-2.6-1.40.21 (TeX Live 2020) (preloaded format=pdflatex 2020.5.21)  26 APR 2021 10:38
entering extended mode
 restricted \write18 enabled.
 %&-line parsing enabled.
**article.tex
(./article.tex
LaTeX2e <2020-02-02> patch level 5
L3 programming layer <2020-03-06> (./jss.cls
Document Class: jss 2015/09/01 3.0 jss class by Achim Zeileis
(/usr/local/texlive/2020/texmf-dist/tex/latex/base/article.cls
Document Class: article 2019/12/20 v1.4l Standard LaTeX document class
(/usr/local/texlive/2020/texmf-dist/tex/latex/base/size11.clo
File: size11.clo 2019/12/20 v1.4l Standard LaTeX file (size option)
)
\c@part=\count167
\c@section=\count168
\c@subsection=\count169
\c@subsubsection=\count170
\c@paragraph=\count171
\c@subparagraph=\count172
\c@figure=\count173
\c@table=\count174
\abovecaptionskip=\skip47
\belowcaptionskip=\skip48
\bibindent=\dimen134
)
(/usr/local/texlive/2020/texmf-dist/tex/latex/graphics/graphicx.sty
Package: graphicx 2019/11/30 v1.2a Enhanced LaTeX Graphics (DPC,SPQR)

(/usr/local/texlive/2020/texmf-dist/tex/latex/graphics/keyval.sty
Package: keyval 2014/10/28 v1.15 key=value parser (DPC)
\KV@toks@=\toks15
)
(/usr/local/texlive/2020/texmf-dist/tex/latex/graphics/graphics.sty
Package: graphics 2019/11/30 v1.4a Standard LaTeX Graphics (DPC,SPQR)

(/usr/local/texlive/2020/texmf-dist/tex/latex/graphics/trig.sty
Package: trig 2016/01/03 v1.10 sin cos tan (DPC)
)
(/usr/local/texlive/2020/texmf-dist/tex/latex/graphics-cfg/graphics.cfg
File: graphics.cfg 2016/06/04 v1.11 sample graphics configuration
)
Package graphics Info: Driver file: pdftex.def on input line 105.

(/usr/local/texlive/2020/texmf-dist/tex/latex/graphics-def/pdftex.def
File: pdftex.def 2018/01/08 v1.0l Graphics/color driver for pdftex
))
\Gin@req@height=\dimen135
\Gin@req@width=\dimen136
)
(/usr/local/texlive/2020/texmf-dist/tex/latex/graphics/color.sty
Package: color 2019/11/23 v1.2a Standard LaTeX Color (DPC)

(/usr/local/texlive/2020/texmf-dist/tex/latex/graphics-cfg/color.cfg
File: color.cfg 2016/01/02 v1.6 sample color configuration
)
Package color Info: Driver file: pdftex.def on input line 147.
)
(/usr/local/texlive/2020/texmf-dist/tex/latex/ae/ae.sty
Package: ae 2001/02/12 1.3 Almost European Computer Modern

(/usr/local/texlive/2020/texmf-dist/tex/latex/base/fontenc.sty
Package: fontenc 2020/02/11 v2.0o Standard LaTeX package
))
(/usr/local/texlive/2020/texmf-dist/tex/latex/fancyvrb/fancyvrb.sty
Package: fancyvrb 2020/01/13 v3.5 verbatim text (tvz,hv)
\FV@CodeLineNo=\count175
\FV@InFile=\read2
\FV@TabBox=\box45
\c@FancyVerbLine=\count176
\FV@StepNumber=\count177
\FV@OutFile=\write3
)
(/usr/local/texlive/2020/texmf-dist/tex/latex/base/fontenc.sty
Package: fontenc 2020/02/11 v2.0o Standard LaTeX package
LaTeX Font Info:    Trying to load font information for T1+aer on input line 11
2.

(/usr/local/texlive/2020/texmf-dist/tex/latex/ae/t1aer.fd
File: t1aer.fd 1997/11/16 Font definitions for T1/aer.
))
(/usr/local/texlive/2020/texmf-dist/tex/latex/upquote/upquote.sty
Package: upquote 2012/04/19 v1.3 upright-quote and grave-accent glyphs in verba
tim

(/usr/local/texlive/2020/texmf-dist/tex/latex/base/textcomp.sty
Package: textcomp 2020/02/02 v2.0n Standard LaTeX package
))
(/usr/local/texlive/2020/texmf-dist/tex/latex/natbib/natbib.sty
Package: natbib 2010/09/13 8.31b (PWD, AO)
\bibhang=\skip49
\bibsep=\skip50
LaTeX Info: Redefining \cite on input line 694.
\c@NAT@ctr=\count178
)
\footerskip=\skip51

(/usr/local/texlive/2020/texmf-dist/tex/latex/hyperref/hyperref.sty
Package: hyperref 2020/01/14 v7.00d Hypertext links for LaTeX

(/usr/local/texlive/2020/texmf-dist/tex/generic/ltxcmds/ltxcmds.sty
Package: ltxcmds 2019/12/15 v1.24 LaTeX kernel commands for general use (HO)
)
(/usr/local/texlive/2020/texmf-dist/tex/generic/iftex/iftex.sty
Package: iftex 2020/03/06 v1.0d TeX engine tests
)
(/usr/local/texlive/2020/texmf-dist/tex/latex/pdftexcmds/pdftexcmds.sty
Package: pdftexcmds 2019/11/24 v0.31 Utility functions of pdfTeX for LuaTeX (HO
)

(/usr/local/texlive/2020/texmf-dist/tex/generic/infwarerr/infwarerr.sty
Package: infwarerr 2019/12/03 v1.5 Providing info/warning/error messages (HO)
)
Package pdftexcmds Info: \pdf@primitive is available.
Package pdftexcmds Info: \pdf@ifprimitive is available.
Package pdftexcmds Info: \pdfdraftmode found.
)
(/usr/local/texlive/2020/texmf-dist/tex/generic/kvsetkeys/kvsetkeys.sty
Package: kvsetkeys 2019/12/15 v1.18 Key value parser (HO)
)
(/usr/local/texlive/2020/texmf-dist/tex/generic/kvdefinekeys/kvdefinekeys.sty
Package: kvdefinekeys 2019-12-19 v1.6 Define keys (HO)
)
(/usr/local/texlive/2020/texmf-dist/tex/generic/pdfescape/pdfescape.sty
Package: pdfescape 2019/12/09 v1.15 Implements pdfTeX's escape features (HO)
)
(/usr/local/texlive/2020/texmf-dist/tex/latex/hycolor/hycolor.sty
Package: hycolor 2020-01-27 v1.10 Color options for hyperref/bookmark (HO)
)
(/usr/local/texlive/2020/texmf-dist/tex/latex/letltxmacro/letltxmacro.sty
Package: letltxmacro 2019/12/03 v1.6 Let assignment for LaTeX macros (HO)
)
(/usr/local/texlive/2020/texmf-dist/tex/latex/auxhook/auxhook.sty
Package: auxhook 2019-12-17 v1.6 Hooks for auxiliary files (HO)
)
(/usr/local/texlive/2020/texmf-dist/tex/latex/kvoptions/kvoptions.sty
Package: kvoptions 2019/11/29 v3.13 Key value format for package options (HO)
)
\@linkdim=\dimen137
\Hy@linkcounter=\count179
\Hy@pagecounter=\count180

(/usr/local/texlive/2020/texmf-dist/tex/latex/hyperref/pd1enc.def
File: pd1enc.def 2020/01/14 v7.00d Hyperref: PDFDocEncoding definition (HO)
Now handling font encoding PD1 ...
... no UTF-8 mapping file for font encoding PD1
)
(/usr/local/texlive/2020/texmf-dist/tex/generic/intcalc/intcalc.sty
Package: intcalc 2019/12/15 v1.3 Expandable calculations with integers (HO)
)
(/usr/local/texlive/2020/texmf-dist/tex/generic/etexcmds/etexcmds.sty
Package: etexcmds 2019/12/15 v1.7 Avoid name clashes with e-TeX commands (HO)
)
\Hy@SavedSpaceFactor=\count181
Package hyperref Info: Hyper figures OFF on input line 4547.
Package hyperref Info: Link nesting OFF on input line 4552.
Package hyperref Info: Hyper index ON on input line 4555.
Package hyperref Info: Plain pages OFF on input line 4562.
Package hyperref Info: Backreferencing OFF on input line 4567.
Package hyperref Info: Implicit mode ON; LaTeX internals redefined.
Package hyperref Info: Bookmarks ON on input line 4800.
\c@Hy@tempcnt=\count182

(/usr/local/texlive/2020/texmf-dist/tex/latex/url/url.sty
\Urlmuskip=\muskip16
Package: url 2013/09/16  ver 3.4  Verb mode for urls, etc.
)
LaTeX Info: Redefining \url on input line 5159.
\XeTeXLinkMargin=\dimen138

(/usr/local/texlive/2020/texmf-dist/tex/generic/bitset/bitset.sty
Package: bitset 2019/12/09 v1.3 Handle bit-vector datatype (HO)

(/usr/local/texlive/2020/texmf-dist/tex/generic/bigintcalc/bigintcalc.sty
Package: bigintcalc 2019/12/15 v1.5 Expandable calculations on big integers (HO
)
))
\Fld@menulength=\count183
\Field@Width=\dimen139
\Fld@charsize=\dimen140
Package hyperref Info: Hyper figures OFF on input line 6430.
Package hyperref Info: Link nesting OFF on input line 6435.
Package hyperref Info: Hyper index ON on input line 6438.
Package hyperref Info: backreferencing OFF on input line 6445.
Package hyperref Info: Link coloring OFF on input line 6450.
Package hyperref Info: Link coloring with OCG OFF on input line 6455.
Package hyperref Info: PDF/A mode OFF on input line 6460.
LaTeX Info: Redefining \ref on input line 6500.
LaTeX Info: Redefining \pageref on input line 6504.

(/usr/local/texlive/2020/texmf-dist/tex/generic/atbegshi/atbegshi.sty
Package: atbegshi 2019/12/05 v1.19 At begin shipout hook (HO)
)
\Hy@abspage=\count184
\c@Item=\count185
\c@Hfootnote=\count186
)
Package hyperref Info: Driver (autodetected): hpdftex.

(/usr/local/texlive/2020/texmf-dist/tex/latex/hyperref/hpdftex.def
File: hpdftex.def 2020/01/14 v7.00d Hyperref driver for pdfTeX

(/usr/local/texlive/2020/texmf-dist/tex/latex/atveryend/atveryend.sty
Package: atveryend 2019-12-11 v1.11 Hooks at the very end of document (HO)
Package atveryend Info: \enddocument detected (standard20110627).
)
\Fld@listcount=\count187
\c@bookmark@seq@number=\count188

(/usr/local/texlive/2020/texmf-dist/tex/latex/rerunfilecheck/rerunfilecheck.sty
Package: rerunfilecheck 2019/12/05 v1.9 Rerun checks for auxiliary files (HO)

(/usr/local/texlive/2020/texmf-dist/tex/generic/uniquecounter/uniquecounter.sty
Package: uniquecounter 2019/12/15 v1.4 Provide unlimited unique counter (HO)
)
Package uniquecounter Info: New unique counter `rerunfilecheck' on input line 2
86.
)
\Hy@SectionHShift=\skip52
)
\preXLskip=\skip53
\preLskip=\skip54
\preMskip=\skip55
\preSskip=\skip56
\postMskip=\skip57
\postSskip=\skip58


Package hyperref Warning: Option `hyperindex' has already been used,
(hyperref)                setting the option has no effect on input line 466.

Package hyperref Info: Option `colorlinks' set `true' on input line 466.
Package hyperref Info: Option `linktocpage' set `true' on input line 466.
Package hyperref Info: Option `plainpages' set `false' on input line 466.
) (/usr/local/texlive/2020/texmf-dist/tex/latex/setspace/setspace.sty
Package: setspace 2011/12/19 v6.7a set line spacing
)
(/usr/local/texlive/2020/texmf-dist/tex/latex/marginnote/marginnote.sty
Package: marginnote 2018/08/09 v1.4b non floating margin notes for LaTeX
\c@mn@abspage=\count189
)
(/usr/local/texlive/2020/texmf-dist/tex/latex/siunitx/siunitx.sty
(/usr/local/texlive/2020/texmf-dist/tex/latex/l3kernel/expl3.sty
Package: expl3 2020-03-06 L3 programming layer (loader) 

(/usr/local/texlive/2020/texmf-dist/tex/latex/l3backend/l3backend-pdfmode.def
File: l3backend-pdfmode.def 2020-03-12 L3 backend support: PDF mode
\l__kernel_color_stack_int=\count190
\l__pdf_internal_box=\box46
)) (/usr/local/texlive/2020/texmf-dist/tex/latex/l3packages/xparse/xparse.sty
Package: xparse 2020-03-06 L3 Experimental document command parser
\l__xparse_current_arg_int=\count191
\g__xparse_grabber_int=\count192
\l__xparse_m_args_int=\count193
\l__xparse_v_nesting_int=\count194
)
Package: siunitx 2020/02/25 v2.8b A comprehensive (SI) units package

(/usr/local/texlive/2020/texmf-dist/tex/latex/amsmath/amstext.sty
Package: amstext 2000/06/29 v2.01 AMS text

(/usr/local/texlive/2020/texmf-dist/tex/latex/amsmath/amsgen.sty
File: amsgen.sty 1999/11/30 v2.0 generic functions
\@emptytoks=\toks16
\ex@=\dimen141
))
(/usr/local/texlive/2020/texmf-dist/tex/latex/tools/array.sty
Package: array 2019/08/31 v2.4l Tabular extension package (FMi)
\col@sep=\dimen142
\ar@mcellbox=\box47
\extrarowheight=\dimen143
\NC@list=\toks17
\extratabsurround=\skip59
\backup@length=\skip60
\ar@cellbox=\box48
)
(/usr/local/texlive/2020/texmf-dist/tex/latex/l3packages/l3keys2e/l3keys2e.sty
Package: l3keys2e 2020-03-06 LaTeX2e option processing using LaTeX3 keys
)
\l__siunitx_tmp_box=\box49
\l__siunitx_tmp_dim=\dimen144
\l__siunitx_tmp_int=\count195
\l__siunitx_number_mantissa_length_int=\count196
\l__siunitx_number_uncert_length_int=\count197
\l__siunitx_round_int=\count198
\l__siunitx_process_decimal_int=\count199
\l__siunitx_process_uncertainty_int=\count266
\l__siunitx_process_fixed_int=\count267
\l__siunitx_process_integer_min_int=\count268
\l__siunitx_process_precision_int=\count269
\l__siunitx_group_min_int=\count270
\l__siunitx_angle_marker_box=\box50
\l__siunitx_angle_unit_box=\box51
\l__siunitx_angle_marker_dim=\dimen145
\l__siunitx_angle_unit_dim=\dimen146
\l__siunitx_unit_int=\count271
\l__siunitx_unit_denominator_int=\count272
\l__siunitx_unit_numerator_int=\count273
\l__siunitx_unit_prefix_int=\count274
\l__siunitx_unit_prefix_base_int=\count275
\l__siunitx_unit_prefix_gram_int=\count276
\l__siunitx_number_product_int=\count277
\c__siunitx_one_fill_skip=\skip61
\l__siunitx_table_unit_align_skip=\skip62
\l__siunitx_table_exponent_dim=\dimen147
\l__siunitx_table_integer_dim=\dimen148
\l__siunitx_table_mantissa_dim=\dimen149
\l__siunitx_table_marker_dim=\dimen150
\l__siunitx_table_result_dim=\dimen151
\l__siunitx_table_uncert_dim=\dimen152
\l__siunitx_table_fill_pre_dim=\dimen153
\l__siunitx_table_fill_post_dim=\dimen154
\l__siunitx_table_fill_mid_dim=\dimen155
\l__siunitx_table_pre_box=\box52
\l__siunitx_table_post_box=\box53
\l__siunitx_table_mantissa_box=\box54
\l__siunitx_table_result_box=\box55
\l__siunitx_table_number_align_skip=\skip63
\l__siunitx_table_text_align_skip=\skip64
(/usr/local/texlive/2020/texmf-dist/tex/latex/translator/translator.sty
Package: translator 2019-05-31 v1.12a Easy translation of strings in LaTeX
))
(/usr/local/texlive/2020/texmf-dist/tex/latex/graphics/rotating.sty
Package: rotating 2016/08/11 v2.16d rotated objects in LaTeX

(/usr/local/texlive/2020/texmf-dist/tex/latex/base/ifthen.sty
Package: ifthen 2014/09/29 v1.1c Standard LaTeX ifthen package (DPC)
)
\c@r@tfl@t=\count278
\rotFPtop=\skip65
\rotFPbot=\skip66
\rot@float@box=\box56
\rot@mess@toks=\toks18
)
(/usr/local/texlive/2020/texmf-dist/tex/latex/amsmath/amsmath.sty
Package: amsmath 2020/01/20 v2.17e AMS math features
\@mathmargin=\skip67

For additional information on amsmath, use the `?' option.
(/usr/local/texlive/2020/texmf-dist/tex/latex/amsmath/amsbsy.sty
Package: amsbsy 1999/11/29 v1.2d Bold Symbols
\pmbraise@=\dimen156
)
(/usr/local/texlive/2020/texmf-dist/tex/latex/amsmath/amsopn.sty
Package: amsopn 2016/03/08 v2.02 operator names
)
\inf@bad=\count279
LaTeX Info: Redefining \frac on input line 227.
\uproot@=\count280
\leftroot@=\count281
LaTeX Info: Redefining \overline on input line 389.
\classnum@=\count282
\DOTSCASE@=\count283
LaTeX Info: Redefining \ldots on input line 486.
LaTeX Info: Redefining \dots on input line 489.
LaTeX Info: Redefining \cdots on input line 610.
\Mathstrutbox@=\box57
\strutbox@=\box58
\big@size=\dimen157
LaTeX Font Info:    Redeclaring font encoding OML on input line 733.
LaTeX Font Info:    Redeclaring font encoding OMS on input line 734.
\macc@depth=\count284
\c@MaxMatrixCols=\count285
\dotsspace@=\muskip17
\c@parentequation=\count286
\dspbrk@lvl=\count287
\tag@help=\toks19
\row@=\count288
\column@=\count289
\maxfields@=\count290
\andhelp@=\toks20
\eqnshift@=\dimen158
\alignsep@=\dimen159
\tagshift@=\dimen160
\tagwidth@=\dimen161
\totwidth@=\dimen162
\lineht@=\dimen163
\@envbody=\toks21
\multlinegap=\skip68
\multlinetaggap=\skip69
\mathdisplay@stack=\toks22
LaTeX Info: Redefining \[ on input line 2859.
LaTeX Info: Redefining \] on input line 2860.
)
(/usr/local/texlive/2020/texmf-dist/tex/latex/amsfonts/amsfonts.sty
Package: amsfonts 2013/01/14 v3.01 Basic AMSFonts support
\symAMSa=\mathgroup4
\symAMSb=\mathgroup5
LaTeX Font Info:    Redeclaring math symbol \hbar on input line 98.
LaTeX Font Info:    Overwriting math alphabet `\mathfrak' in version `bold'
(Font)                  U/euf/m/n --> U/euf/b/n on input line 106.
)
(/usr/local/texlive/2020/texmf-dist/tex/latex/amscls/amsthm.sty
Package: amsthm 2017/10/31 v2.20.4
\thm@style=\toks23
\thm@bodyfont=\toks24
\thm@headfont=\toks25
\thm@notefont=\toks26
\thm@headpunct=\toks27
\thm@preskip=\skip70
\thm@postskip=\skip71
\thm@headsep=\skip72
\dth@everypar=\toks28
)
(/usr/local/texlive/2020/texmf-dist/tex/latex/commath/commath.sty)
(/usr/local/texlive/2020/texmf-dist/tex/latex/bbm-macros/bbm.sty
Package: bbm 1999/03/15 V 1.2 provides fonts for set symbols - TH
LaTeX Font Info:    Overwriting math alphabet `\mathbbm' in version `bold'
(Font)                  U/bbm/m/n --> U/bbm/bx/n on input line 33.
LaTeX Font Info:    Overwriting math alphabet `\mathbbmss' in version `bold'
(Font)                  U/bbmss/m/n --> U/bbmss/bx/n on input line 35.
)
(/usr/local/texlive/2020/texmf-dist/tex/latex/mathtools/mathtools.sty
Package: mathtools 2020/03/24 v1.24 mathematical typesetting tools

(/usr/local/texlive/2020/texmf-dist/tex/latex/tools/calc.sty
Package: calc 2017/05/25 v4.3 Infix arithmetic (KKT,FJ)
\calc@Acount=\count291
\calc@Bcount=\count292
\calc@Adimen=\dimen164
\calc@Bdimen=\dimen165
\calc@Askip=\skip73
\calc@Bskip=\skip74
LaTeX Info: Redefining \setlength on input line 80.
LaTeX Info: Redefining \addtolength on input line 81.
\calc@Ccount=\count293
\calc@Cskip=\skip75
)
(/usr/local/texlive/2020/texmf-dist/tex/latex/mathtools/mhsetup.sty
Package: mhsetup 2017/03/31 v1.3 programming setup (MH)
)
LaTeX Info: Thecontrolsequence`\('isalreadyrobust on input line 130.
LaTeX Info: Thecontrolsequence`\)'isalreadyrobust on input line 130.
LaTeX Info: Thecontrolsequence`\['isalreadyrobust on input line 130.
LaTeX Info: Thecontrolsequence`\]'isalreadyrobust on input line 130.
\g_MT_multlinerow_int=\count294
\l_MT_multwidth_dim=\dimen166
\origjot=\skip76
\l_MT_shortvdotswithinadjustabove_dim=\dimen167
\l_MT_shortvdotswithinadjustbelow_dim=\dimen168
\l_MT_above_intertext_sep=\dimen169
\l_MT_below_intertext_sep=\dimen170
\l_MT_above_shortintertext_sep=\dimen171
\l_MT_below_shortintertext_sep=\dimen172
\xmathstrut@box=\box59
\xmathstrut@dim=\dimen173
)
(/usr/local/texlive/2020/texmf-dist/tex/latex/tools/enumerate.sty
Package: enumerate 2015/07/23 v3.00 enumerate extensions (DPC)
\@enLab=\toks29
)
(/usr/local/texlive/2020/texmf-dist/tex/latex/pbox/pbox.sty
Package: pbox 2011/12/07 v1.2 Dynamic parboxes
\pb@xlen=\skip77
)
(/usr/local/texlive/2020/texmf-dist/tex/latex/multirow/multirow.sty
Package: multirow 2019/05/31 v2.5 Span multiple rows of a table
\multirow@colwidth=\skip78
\multirow@cntb=\count295
\multirow@dima=\skip79
\bigstrutjot=\dimen174
)
(/usr/local/texlive/2020/texmf-dist/tex/generic/thumbpdf/thumbpdf.sty
Package: thumbpdf 2018/09/07 v3.17 Inclusion of thumbnails (HO)
THUMBPDF: Compressed PDF objects of PDF 1.5 are not supported
)
(/usr/local/texlive/2020/texmf-dist/tex/latex/lm/lmodern.sty
Package: lmodern 2009/10/30 v1.6 Latin Modern Fonts
LaTeX Font Info:    Overwriting symbol font `operators' in version `normal'
(Font)                  OT1/cmr/m/n --> OT1/lmr/m/n on input line 22.
LaTeX Font Info:    Overwriting symbol font `letters' in version `normal'
(Font)                  OML/cmm/m/it --> OML/lmm/m/it on input line 23.
LaTeX Font Info:    Overwriting symbol font `symbols' in version `normal'
(Font)                  OMS/cmsy/m/n --> OMS/lmsy/m/n on input line 24.
LaTeX Font Info:    Overwriting symbol font `largesymbols' in version `normal'
(Font)                  OMX/cmex/m/n --> OMX/lmex/m/n on input line 25.
LaTeX Font Info:    Overwriting symbol font `operators' in version `bold'
(Font)                  OT1/cmr/bx/n --> OT1/lmr/bx/n on input line 26.
LaTeX Font Info:    Overwriting symbol font `letters' in version `bold'
(Font)                  OML/cmm/b/it --> OML/lmm/b/it on input line 27.
LaTeX Font Info:    Overwriting symbol font `symbols' in version `bold'
(Font)                  OMS/cmsy/b/n --> OMS/lmsy/b/n on input line 28.
LaTeX Font Info:    Overwriting symbol font `largesymbols' in version `bold'
(Font)                  OMX/cmex/m/n --> OMX/lmex/m/n on input line 29.
LaTeX Font Info:    Overwriting math alphabet `\mathbf' in version `normal'
(Font)                  OT1/cmr/bx/n --> OT1/lmr/bx/n on input line 31.
LaTeX Font Info:    Overwriting math alphabet `\mathsf' in version `normal'
(Font)                  OT1/cmss/m/n --> OT1/lmss/m/n on input line 32.
LaTeX Font Info:    Overwriting math alphabet `\mathit' in version `normal'
(Font)                  OT1/cmr/m/it --> OT1/lmr/m/it on input line 33.
LaTeX Font Info:    Overwriting math alphabet `\mathtt' in version `normal'
(Font)                  OT1/cmtt/m/n --> OT1/lmtt/m/n on input line 34.
LaTeX Font Info:    Overwriting math alphabet `\mathbf' in version `bold'
(Font)                  OT1/cmr/bx/n --> OT1/lmr/bx/n on input line 35.
LaTeX Font Info:    Overwriting math alphabet `\mathsf' in version `bold'
(Font)                  OT1/cmss/bx/n --> OT1/lmss/bx/n on input line 36.
LaTeX Font Info:    Overwriting math alphabet `\mathit' in version `bold'
(Font)                  OT1/cmr/bx/it --> OT1/lmr/bx/it on input line 37.
LaTeX Font Info:    Overwriting math alphabet `\mathtt' in version `bold'
(Font)                  OT1/cmtt/m/n --> OT1/lmtt/m/n on input line 38.
)
(/usr/local/texlive/2020/texmf-dist/tex/latex/framed/framed.sty
Package: framed 2011/10/22 v 0.96: framed or shaded text with page breaks
\OuterFrameSep=\skip80
\fb@frw=\dimen175
\fb@frh=\dimen176
\FrameRule=\dimen177
\FrameSep=\dimen178
)
(/usr/local/texlive/2020/texmf-dist/tex/latex/scalerel/scalerel.sty
Package: scalerel 2016/12/29 v1.8 Routines for constrained scaling and stretchi
ng of objects, relative to a reference object or in absolute terms

(/usr/local/texlive/2020/texmf-dist/tex/latex/etoolbox/etoolbox.sty
Package: etoolbox 2019/09/21 v2.5h e-TeX tools for LaTeX (JAW)
\etb@tempcnta=\count296
)
\thesrwidth=\skip81
\thesrheight=\skip82
\srblobheight=\skip83
\srblobdepth=\skip84
\mnxsrwidth=\skip85
\LMex=\skip86
\LMpt=\skip87
)
(/usr/local/texlive/2020/texmf-dist/tex/latex/stackengine/stackengine.sty
Package: stackengine 2017/02/13 v4.01\ Stacking text and objects in convenient 
ways

(/usr/local/texlive/2020/texmf-dist/tex/generic/listofitems/listofitems.sty
(/usr/local/texlive/2020/texmf-dist/tex/generic/listofitems/listofitems.tex
\loi_cnt_foreach_nest=\count297
\loi_nestcnt=\count298
)
Package: listofitems 2019/08/21 v1.63 Grab items in lists using user-specified 
sep char (CT)
)
\c@@stackindex=\count299
\@boxshift=\skip88
\stack@tmplength=\skip89
\temp@stkl=\skip90
\@stackedboxwidth=\skip91
\@addedbox=\box60
\@anchorbox=\box61
\stackedbox=\box62
\@centerbox=\box63
\c@ROWcellindex@=\count300
)
(./article.aux)
\openout1 = `article.aux'.

LaTeX Font Info:    Checking defaults for OML/cmm/m/it on input line 170.
LaTeX Font Info:    ... okay on input line 170.
LaTeX Font Info:    Checking defaults for OMS/cmsy/m/n on input line 170.
LaTeX Font Info:    ... okay on input line 170.
LaTeX Font Info:    Checking defaults for OT1/cmr/m/n on input line 170.
LaTeX Font Info:    ... okay on input line 170.
LaTeX Font Info:    Checking defaults for T1/cmr/m/n on input line 170.
LaTeX Font Info:    ... okay on input line 170.
LaTeX Font Info:    Checking defaults for TS1/cmr/m/n on input line 170.
LaTeX Font Info:    ... okay on input line 170.
LaTeX Font Info:    Checking defaults for OMX/cmex/m/n on input line 170.
LaTeX Font Info:    ... okay on input line 170.
LaTeX Font Info:    Checking defaults for U/cmr/m/n on input line 170.
LaTeX Font Info:    ... okay on input line 170.
LaTeX Font Info:    Checking defaults for PD1/pdf/m/n on input line 170.
LaTeX Font Info:    ... okay on input line 170.
LaTeX Font Info:    Trying to load font information for T1+lmr on input line 17
0.
 (/usr/local/texlive/2020/texmf-dist/tex/latex/lm/t1lmr.fd
File: t1lmr.fd 2009/10/30 v1.6 Font defs for Latin Modern
)
(/usr/local/texlive/2020/texmf-dist/tex/context/base/mkii/supp-pdf.mkii
[Loading MPS to PDF converter (version 2006.09.02).]
\scratchcounter=\count301
\scratchdimen=\dimen179
\scratchbox=\box64
\nofMPsegments=\count302
\nofMParguments=\count303
\everyMPshowfont=\toks30
\MPscratchCnt=\count304
\MPscratchDim=\dimen180
\MPnumerator=\count305
\makeMPintoPDFobject=\count306
\everyMPtoPDFconversion=\toks31
) (/usr/local/texlive/2020/texmf-dist/tex/latex/epstopdf-pkg/epstopdf-base.sty
Package: epstopdf-base 2020-01-24 v2.11 Base part for package epstopdf
Package epstopdf-base Info: Redefining graphics rule for `.eps' on input line 4
85.

(/usr/local/texlive/2020/texmf-dist/tex/latex/latexconfig/epstopdf-sys.cfg
File: epstopdf-sys.cfg 2010/07/13 v1.3 Configuration of (r)epstopdf for TeX Liv
e
))
\AtBeginShipoutBox=\box65
Package hyperref Info: Link coloring ON on input line 170.

(/usr/local/texlive/2020/texmf-dist/tex/latex/hyperref/nameref.sty
Package: nameref 2019/09/16 v2.46 Cross-referencing by name of section

(/usr/local/texlive/2020/texmf-dist/tex/latex/refcount/refcount.sty
Package: refcount 2019/12/15 v3.6 Data extraction from label references (HO)
)
(/usr/local/texlive/2020/texmf-dist/tex/generic/gettitlestring/gettitlestring.s
ty
Package: gettitlestring 2019/12/15 v1.6 Cleanup title references (HO)
)
\c@section@level=\count307
)
LaTeX Info: Redefining \ref on input line 170.
LaTeX Info: Redefining \pageref on input line 170.
LaTeX Info: Redefining \nameref on input line 170.
\@outlinefile=\write4
\openout4 = `article.out'.

<jsslogo.jpg, id=4, 540.0175pt x 393.47pt>
File: jsslogo.jpg Graphic file (type jpg)
<use jsslogo.jpg>
Package pdftex.def Info: jsslogo.jpg  used on input line 170.
(pdftex.def)             Requested size: 89.80768pt x 65.43607pt.
LaTeX Font Info:    Trying to load font information for T1+pzc on input line 17
0.
 (/usr/local/texlive/2020/texmf-dist/tex/latex/psnfss/t1pzc.fd
File: t1pzc.fd 2001/06/04 font definitions for T1/pzc.
)
LaTeX Font Info:    Font shape `T1/pzc/m/n' in size <28> not available
(Font)              Font shape `T1/pzc/mb/it' tried instead on input line 170.
LaTeX Font Info:    Trying to load font information for OT1+lmr on input line 1
70.

(/usr/local/texlive/2020/texmf-dist/tex/latex/lm/ot1lmr.fd
File: ot1lmr.fd 2009/10/30 v1.6 Font defs for Latin Modern
)
LaTeX Font Info:    Trying to load font information for OML+lmm on input line 1
70.

(/usr/local/texlive/2020/texmf-dist/tex/latex/lm/omllmm.fd
File: omllmm.fd 2009/10/30 v1.6 Font defs for Latin Modern
)
LaTeX Font Info:    Trying to load font information for OMS+lmsy on input line 
170.

(/usr/local/texlive/2020/texmf-dist/tex/latex/lm/omslmsy.fd
File: omslmsy.fd 2009/10/30 v1.6 Font defs for Latin Modern
)
LaTeX Font Info:    Trying to load font information for OMX+lmex on input line 
170.

(/usr/local/texlive/2020/texmf-dist/tex/latex/lm/omxlmex.fd
File: omxlmex.fd 2009/10/30 v1.6 Font defs for Latin Modern
)
LaTeX Font Info:    External font `lmex10' loaded for size
(Font)              <10.95> on input line 170.
LaTeX Font Info:    External font `lmex10' loaded for size
(Font)              <8> on input line 170.
LaTeX Font Info:    External font `lmex10' loaded for size
(Font)              <6> on input line 170.
LaTeX Font Info:    Trying to load font information for U+msa on input line 170
.

(/usr/local/texlive/2020/texmf-dist/tex/latex/amsfonts/umsa.fd
File: umsa.fd 2013/01/14 v3.01 AMS symbols A
)
LaTeX Font Info:    Trying to load font information for U+msb on input line 170
.

(/usr/local/texlive/2020/texmf-dist/tex/latex/amsfonts/umsb.fd
File: umsb.fd 2013/01/14 v3.01 AMS symbols B
)
LaTeX Font Info:    Trying to load font information for T1+lmss on input line 1
70.

(/usr/local/texlive/2020/texmf-dist/tex/latex/lm/t1lmss.fd
File: t1lmss.fd 2009/10/30 v1.6 Font defs for Latin Modern
)
(/usr/local/texlive/2020/texmf-dist/tex/latex/translator/translator-basic-dicti
onary-English.dict
Dictionary: translator-basic-dictionary, Language: English 
)
(/usr/local/texlive/2020/texmf-dist/tex/latex/siunitx/siunitx-abbreviations.cfg
File: siunitx-abbreviations.cfg 2017/11/26 v2.7k siunitx: Abbreviated units
)
LaTeX Font Info:    Trying to load font information for OT1+lmss on input line 
170.
 (/usr/local/texlive/2020/texmf-dist/tex/latex/lm/ot1lmss.fd
File: ot1lmss.fd 2009/10/30 v1.6 Font defs for Latin Modern
)
LaTeX Font Info:    Trying to load font information for OT1+lmtt on input line 
170.

(/usr/local/texlive/2020/texmf-dist/tex/latex/lm/ot1lmtt.fd
File: ot1lmtt.fd 2009/10/30 v1.6 Font defs for Latin Modern
)
Underfull \vbox (badness 10000) has occurred while \output is active []

 [1

{/usr/local/texlive/2020/texmf-var/fonts/map/pdftex/updmap/pdftex.map} <./jsslo
go.jpg>]

Package natbib Warning: Citation `FRK_paper' on page 2 undefined on input line 
194.


Package natbib Warning: Citation `Rcoreteam_2020' on page 2 undefined on input 
line 194.


Package natbib Warning: Citation `Cressie_1993_stats_for_spatial_data' on page 
2 undefined on input line 203.


Package natbib Warning: Citation `Diggle_1998_spatial_GLMM' on page 2 undefined
 on input line 205.


Package natbib Warning: Citation `Lopes_2011_spatial_GLMM_reduced_rank_factor_a
nalytic_model' on page 2 undefined on input line 207.


Package natbib Warning: Citation `Lindgren_Rue_2011_GF_GMRF_SPDE' on page 2 und
efined on input line 209.


Package natbib Warning: Citation `Sengupta_Cressie_2013_spatial_GLMM_FRK' on pa
ge 2 undefined on input line 210.


Package natbib Warning: Citation `Cressie_Johannesson_2008_FRK' on page 2 undef
ined on input line 210.


Package natbib Warning: Citation `Lee_2020_partitioned_domain_basis_function_no
n_Gaussian' on page 2 undefined on input line 211.


Underfull \vbox (badness 10000) has occurred while \output is active []


Overfull \hbox (5.47499pt too wide) has occurred while \output is active
\T1/lmr/m/n/10.95 2 []
 []

[2]

Package natbib Warning: Citation `CRAN_Task_View:spatial' on page 3 undefined o
n input line 222.


Package natbib Warning: Citation `CRAN_Task_View:spatio-temporal' on page 3 und
efined on input line 222.


Package natbib Warning: Citation `Lindgren_2015_R-INLA' on page 3 undefined on 
input line 223.


Package natbib Warning: Citation `Rue_2009_INLA' on page 3 undefined on input l
ine 223.


Package natbib Warning: Citation `Bachl_2019_inlabru' on page 3 undefined on in
put line 225.


Package natbib Warning: Citation `Wood_2017_GAM:R' on page 3 undefined on input
 line 226.

LaTeX Font Info:    Trying to load font information for T1+lmtt on input line 2
28.
(/usr/local/texlive/2020/texmf-dist/tex/latex/lm/t1lmtt.fd
File: t1lmtt.fd 2009/10/30 v1.6 Font defs for Latin Modern
)

Package natbib Warning: Citation `Finley_2015_spBayes' on page 3 undefined on i
nput line 228.


Package natbib Warning: Citation `Finley_2020_spNNGP' on page 3 undefined on in
put line 230.


Package natbib Warning: Citation `Datta_2016_NNGP_spatial' on page 3 undefined 
on input line 230.


Underfull \vbox (badness 10000) has occurred while \output is active []


Overfull \hbox (5.47499pt too wide) has occurred while \output is active
[] \T1/lmr/m/n/10.95 3
 []

[3]

LaTeX Warning: Reference `SEC:Methodology' on page 4 undefined on input line 25
4.


Package natbib Warning: Citation `Kristensen_2016_TMB' on page 4 undefined on i
nput line 254.


LaTeX Warning: Reference `SEC:IllustrativeExample' on page 4 undefined on input
 line 255.


LaTeX Warning: Reference `SEC:ApplicationStudy' on page 4 undefined on input li
ne 257.


LaTeX Warning: Reference `SEC:Conclusion' on page 4 undefined on input line 259
.


Package natbib Warning: Citation `Diggle_1998_spatial_GLMM' on page 4 undefined
 on input line 263.


Package natbib Warning: Citation `Cressie_Johannesson_2008_FRK' on page 4 undef
ined on input line 265.


Package natbib Warning: Citation `Sengupta_Cressie_2013_spatial_GLMM_FRK' on pa
ge 4 undefined on input line 265.


LaTeX Warning: Reference `subsection:04-01:ProcessLayer' on page 4 undefined on
 input line 265.


LaTeX Warning: Reference `subsection:04-02:DataLayer' on page 4 undefined on in
put line 267.


LaTeX Warning: Reference `subsection:02-03:Estimation' on page 4 undefined on i
nput line 268.


LaTeX Warning: Reference `subsection:04-03:Prediction' on page 4 undefined on i
nput line 268.


LaTeX Warning: Reference `sec:spatio-temporal' on page 4 undefined on input lin
e 269.


Package natbib Warning: Citation `FRK_paper' on page 4 undefined on input line 
289.


LaTeX Warning: Reference `sec:spatio-temporal' on page 4 undefined on input lin
e 292.


Underfull \vbox (badness 1701) has occurred while \output is active []


Overfull \hbox (5.47499pt too wide) has occurred while \output is active
\T1/lmr/m/n/10.95 4 []
 []

[4]

LaTeX Warning: Reference `eqn:04-01:Y(s)' on page 5 undefined on input line 299
.


Package natbib Warning: Citation `FRK_paper' on page 5 undefined on input line 
313.


LaTeX Warning: Reference `eqn:04-01:Y(s)' on page 5 undefined on input line 317
.


Underfull \vbox (badness 10000) has occurred while \output is active []


Overfull \hbox (5.47499pt too wide) has occurred while \output is active
[] \T1/lmr/m/n/10.95 5
 []

[5]

LaTeX Warning: Reference `Appendix:CovarianceTapering' on page 6 undefined on i
nput line 333.


Package natbib Warning: Citation `McCullagh_Nelder_1989_GLM' on page 6 undefine
d on input line 406.


Underfull \vbox (badness 10000) has occurred while \output is active []


Overfull \hbox (5.47499pt too wide) has occurred while \output is active
\T1/lmr/m/n/10.95 6 []
 []

[6]

Package natbib Warning: Citation `McCullagh_Nelder_1989_GLM' on page 7 undefine
d on input line 455.


Underfull \vbox (badness 10000) has occurred while \output is active []


Overfull \hbox (5.47499pt too wide) has occurred while \output is active
[] \T1/lmr/m/n/10.95 7
 []

[7]

LaTeX Warning: Reference `sec:spatio-temporal' on page 8 undefined on input lin
e 470.


Package natbib Warning: Citation `Kristensen_2016_TMB' on page 8 undefined on i
nput line 516.


LaTeX Warning: Reference `eqn:04:Joint_Likelihood' on page 8 undefined on input
 line 540.


Underfull \vbox (badness 10000) has occurred while \output is active []


Overfull \hbox (5.47499pt too wide) has occurred while \output is active
\T1/lmr/m/n/10.95 8 []
 []

[8]

LaTeX Warning: Reference `eqn:02-04:LikelihoodTheta' on page 9 undefined on inp
ut line 614.


LaTeX Warning: Reference `eqn:04:Joint_Likelihood' on page 9 undefined on input
 line 630.


LaTeX Warning: Reference `eqn:02-04:LikelihoodTheta' on page 9 undefined on inp
ut line 632.


LaTeX Warning: Reference `subsection:04-03:Prediction' on page 9 undefined on i
nput line 642.


LaTeX Font Warning: Font shape `T1/lmr/b/it' in size <12> not available
(Font)              Font shape `T1/lmr/b/sl' tried instead on input line 776.


LaTeX Warning: Reference `eqn:04:Joint_Log_Likelihood' on page 9 undefined on i
nput line 778.


Package natbib Warning: Citation `Kristensen_2016_TMB' on page 9 undefined on i
nput line 778.


Package natbib Warning: Citation `CppAD_Package' on page 9 undefined on input l
ine 779.


Package natbib Warning: Citation `Eigen' on page 9 undefined on input line 779.



Package natbib Warning: Citation `Matrix_Package' on page 9 undefined on input 
line 779.


Underfull \vbox (badness 10000) has occurred while \output is active []


Overfull \hbox (5.47499pt too wide) has occurred while \output is active
[] \T1/lmr/m/n/10.95 9
 []

[9]

LaTeX Warning: Reference `subsection:02-03:Estimation' on page 10 undefined on 
input line 930.


Underfull \vbox (badness 10000) has occurred while \output is active []


Overfull \hbox (10.94998pt too wide) has occurred while \output is active
\T1/lmr/m/n/10.95 10 []
 []

[10]

LaTeX Warning: Reference `eqn:Y_MC_simple' on page 11 undefined on input line 9
74.


LaTeX Warning: Reference `sec:spatialCOS' on page 11 undefined on input line 10
20.


Underfull \vbox (badness 10000) has occurred while \output is active []


Overfull \hbox (10.94998pt too wide) has occurred while \output is active
[] \T1/lmr/m/n/10.95 11
 []

[11]
Underfull \vbox (badness 10000) has occurred while \output is active []


Overfull \hbox (10.94998pt too wide) has occurred while \output is active
\T1/lmr/m/n/10.95 12 []
 []

[12]

LaTeX Warning: Reference `sec:ST_example' on page 13 undefined on input line 11
37.


Overfull \hbox (10.94998pt too wide) has occurred while \output is active
[] \T1/lmr/m/n/10.95 13
 []

[13]

LaTeX Warning: Reference `tab:new_arguments_in_functions' on page 14 undefined 
on input line 1158.


LaTeX Warning: Reference `table:response_and_links' on page 14 undefined on inp
ut line 1159.


LaTeX Warning: Reference `sec:03-01:Poisson' on page 14 undefined on input line
 1160.


LaTeX Warning: Reference `sec:03:Additonal_features' on page 14 undefined on in
put line 1162.


LaTeX Warning: Reference `sec:3:increased_resolution' on page 14 undefined on i
nput line 1163.


Underfull \hbox (badness 10000) in paragraph at lines 1182--1183
[]|\T1/lmr/m/n/10.95 Optimising func-tion when \T1/lmtt/m/n/10.95 method = "TMB
" \T1/lmr/m/n/10.95 (de-fault
 []


LaTeX Warning: Reference `Appendix:CovarianceTapering' on page 14 undefined on 
input line 1183.


Underfull \hbox (badness 2529) in paragraph at lines 1184--1185
\T1/lmr/m/n/10.95 value. If \T1/lmtt/m/n/10.95 fs_by_spatial_BAU = TRUE\T1/lmr/
m/n/10.95 , the ar-gu-ment
 []


Underfull \hbox (badness 5331) in paragraph at lines 1188--1190
[]|\T1/lmr/m/n/10.95 A char-ac-ter string in-di-cat-ing whether \T1/lmtt/m/n/10
.95 "simple" \T1/lmr/m/n/10.95 or
 []


Overfull \hbox (20.83838pt too wide) in paragraph at lines 1172--1199
 [][] 
 []

LaTeX Font Info:    External font `lmex10' loaded for size
(Font)              <9> on input line 1228.
LaTeX Font Info:    External font `lmex10' loaded for size
(Font)              <5> on input line 1228.

LaTeX Warning: Reference `sec:Distributions with size parameters' on page 14 un
defined on input line 1228.


LaTeX Warning: Reference `fig:Poisson_true_and_Z' on page 14 undefined on input
 line 1252.

<Images/Poisson_true_and_Z.pdf, id=121, 722.7pt x 289.08pt>
File: Images/Poisson_true_and_Z.pdf Graphic file (type pdf)
<use Images/Poisson_true_and_Z.pdf>
Package pdftex.def Info: Images/Poisson_true_and_Z.pdf  used on input line 1263
.
(pdftex.def)             Requested size: 331.99031pt x 132.79755pt.

LaTeX Warning: Reference `sec:03-01:Poisson' on page 14 undefined on input line
 1265.


LaTeX Warning: Reference `sec:03-01:Poisson' on page 14 undefined on input line
 1265.


Package natbib Warning: Citation `FRK_paper' on page 14 undefined on input line
 1272.


Overfull \hbox (10.94998pt too wide) has occurred while \output is active
\T1/lmr/m/n/10.95 14 []
 []

[14 <./Images/Poisson_true_and_Z.pdf>]
Overfull \hbox (10.94998pt too wide) has occurred while \output is active
[] \T1/lmr/m/n/10.95 15
 []

[15]

LaTeX Warning: Reference `tab:new_arguments_in_functions' on page 16 undefined 
on input line 1284.


Overfull \hbox (10.94998pt too wide) has occurred while \output is active
\T1/lmr/m/n/10.95 16 []
 []

[16]

Package natbib Warning: Citation `Wickham_2016_ggplot2' on page 17 undefined on
 input line 1300.


Package natbib Warning: Citation `Kassambara_2020_ggpubr' on page 17 undefined 
on input line 1304.


LaTeX Warning: Reference `fig:Poisson_nres3' on page 17 undefined on input line
 1304.

<Images/Poisson_nres3.pdf, id=173, 939.51pt x 289.08pt>
File: Images/Poisson_nres3.pdf Graphic file (type pdf)
<use Images/Poisson_nres3.pdf>
Package pdftex.def Info: Images/Poisson_nres3.pdf  used on input line 1311.
(pdftex.def)             Requested size: 442.65375pt x 136.19844pt.

LaTeX Warning: Reference `fig:Poisson_true_and_Z' on page 17 undefined on input
 line 1313.


LaTeX Warning: Reference `fig:Poisson_true_and_Z' on page 17 undefined on input
 line 1313.


Overfull \hbox (10.94998pt too wide) has occurred while \output is active
[] \T1/lmr/m/n/10.95 17
 []

[17]

LaTeX Warning: Reference `fig:03-02-negative-binomial_data' on page 18 undefine
d on input line 1341.

<Images/03-02-negative_binomial_spatialCOS_data.png, id=181, 939.51pt x 289.08p
t>
File: Images/03-02-negative_binomial_spatialCOS_data.png Graphic file (type png
)
<use Images/03-02-negative_binomial_spatialCOS_data.png>
Package pdftex.def Info: Images/03-02-negative_binomial_spatialCOS_data.png  us
ed on input line 1355.
(pdftex.def)             Requested size: 442.65375pt x 136.19844pt.

LaTeX Warning: Reference `sec:03-03:negative-binomial' on page 18 undefined on 
input line 1362.


LaTeX Warning: Reference `sec:03-03:negative-binomial' on page 18 undefined on 
input line 1362.


LaTeX Warning: Reference `subsection:04-01:ProcessLayer' on page 18 undefined o
n input line 1379.


Underfull \vbox (badness 2495) has occurred while \output is active []


Overfull \hbox (10.94998pt too wide) has occurred while \output is active
\T1/lmr/m/n/10.95 18 []
 []

[18 <./Images/Poisson_nres3.pdf>]
<Images/03-02-negative_binomial_spatialCOS.png, id=197, 939.51pt x 289.08pt>
File: Images/03-02-negative_binomial_spatialCOS.png Graphic file (type png)
<use Images/03-02-negative_binomial_spatialCOS.png>
Package pdftex.def Info: Images/03-02-negative_binomial_spatialCOS.png  used on
 input line 1406.
(pdftex.def)             Requested size: 442.65375pt x 136.19844pt.


LaTeX Warning: Reference `sec:03-03:negative-binomial' on page 19 undefined on 
input line 1408.


LaTeX Warning: Reference `sec:03-03:negative-binomial' on page 19 undefined on 
input line 1408.


LaTeX Warning: Reference `fig:03-02-negative-binomial' on page 19 undefined on 
input line 1412.


LaTeX Warning: Reference `fig:03-02-negative-binomial_data' on page 19 undefine
d on input line 1414.


LaTeX Warning: Reference `sec:03-01:Poisson' on page 19 undefined on input line
 1415.


Overfull \hbox (10.94998pt too wide) has occurred while \output is active
[] \T1/lmr/m/n/10.95 19
 []

[19 <./Images/03-02-negative_binomial_spatialCOS_data.png (PNG copy)>]

LaTeX Warning: Reference `fig:03-02-negative-binomial_polygons' on page 20 unde
fined on input line 1426.

<Images/03-02-negative_binomial_spatialCOS_polygons.png, id=204, 722.7pt x 216.
81pt>
File: Images/03-02-negative_binomial_spatialCOS_polygons.png Graphic file (type
 png)
<use Images/03-02-negative_binomial_spatialCOS_polygons.png>
Package pdftex.def Info: Images/03-02-negative_binomial_spatialCOS_polygons.png
  used on input line 1432.
(pdftex.def)             Requested size: 442.65375pt x 132.79645pt.

LaTeX Warning: Reference `sec:03-03:negative-binomial' on page 20 undefined on 
input line 1433.


LaTeX Warning: Reference `sec:03-03:negative-binomial' on page 20 undefined on 
input line 1433.


LaTeX Warning: Reference `sec:ST_example' on page 20 undefined on input line 14
49.


Underfull \vbox (badness 1694) has occurred while \output is active []


Overfull \hbox (10.94998pt too wide) has occurred while \output is active
\T1/lmr/m/n/10.95 20 []
 []

[20 <./Images/03-02-negative_binomial_spatialCOS.png (PNG copy)>]

LaTeX Warning: Reference `app:ScoringRules' on page 21 undefined on input line 
1460.


LaTeX Warning: Reference `sec:03-01:Poisson' on page 21 undefined on input line
 1464.


LaTeX Warning: Reference `tab:03-02:PoissonScoringRules' on page 21 undefined o
n input line 1464.


LaTeX Warning: Reference `eqn:04-01:Y(s)' on page 21 undefined on input line 14
67.


Package natbib Warning: Citation `Heaton_2019_comparative_study' on page 21 und
efined on input line 1520.


Package natbib Warning: Citation `Heaton_2019_comparative_study' on page 21 und
efined on input line 1520.


Overfull \hbox (20.62491pt too wide) in paragraph at lines 1522--1542
 [] 
 []


Package natbib Warning: Citation `Heaton_2019_comparative_study' on page 21 und
efined on input line 1544.


Package natbib Warning: Citation `Heaton_2019_comparative_study' on page 21 und
efined on input line 1552.


Package natbib Warning: Citation `Heaton_2019_comparative_study' on page 21 und
efined on input line 1555.


LaTeX Warning: Reference `tab:Heaton_comparison' on page 21 undefined on input 
line 1556.


Package natbib Warning: Citation `Heaton_2019_comparative_study' on page 21 und
efined on input line 1556.


Overfull \hbox (10.94998pt too wide) has occurred while \output is active
[] \T1/lmr/m/n/10.95 21
 []

[21 <./Images/03-02-negative_binomial_spatialCOS_polygons.png (PNG copy)>]
Underfull \vbox (badness 10000) has occurred while \output is active []


Overfull \hbox (10.94998pt too wide) has occurred while \output is active
\T1/lmr/m/n/10.95 22 []
 []

[22]

LaTeX Warning: Reference `sec:04-01:MODIS' on page 23 undefined on input line 1
582.


LaTeX Warning: Reference `sec:block_prediction' on page 23 undefined on input l
ine 1583.


LaTeX Warning: Reference `sec:spatialCOS' on page 23 undefined on input line 15
84.


LaTeX Warning: Reference `sec:ST_example' on page 23 undefined on input line 15
85.


Package natbib Warning: Citation `Lindgren_2015_R-INLA' on page 23 undefined on
 input line 1592.


Package natbib Warning: Citation `Finley_2020_spNNGP' on page 23 undefined on i
nput line 1592.


Package natbib Warning: Citation `Finley_2015_spBayes' on page 23 undefined on 
input line 1592.


Package natbib Warning: Citation `Wood_2017_GAM:R' on page 23 undefined on inpu
t line 1592.


Package natbib Warning: Citation `MODIS_satelitte' on page 23 undefined on inpu
t line 1593.


Package natbib Warning: Citation `Sengupta_2016_MODIS' on page 23 undefined on 
input line 1594.


Package natbib Warning: Citation `ZammitMangion_2021_Deep_compositional_spatial
_model' on page 23 undefined on input line 1594.

LaTeX Font Info:    Trying to load font information for TS1+lmr on input line 1
596.
(/usr/local/texlive/2020/texmf-dist/tex/latex/lm/ts1lmr.fd
File: ts1lmr.fd 2009/10/30 v1.6 Font defs for Latin Modern
)

LaTeX Warning: Reference `fig:03-04-Modis1' on page 23 undefined on input line 
1608.


LaTeX Warning: File `../MODIS/FINAL/img/MODIS_data_facet.png' not found on inpu
t line 1611.


! Package pdftex.def Error: File `../MODIS/FINAL/img/MODIS_data_facet.png' not 
found: using draft setting.

See the pdftex.def package documentation for explanation.
Type  H <return>  for immediate help.
 ...                                              
                                                  
l.1611 ...../MODIS/FINAL/img/MODIS_data_facet.png}
                                                  
? X
 
Here is how much of TeX's memory you used:
 12116 strings out of 480608
 220849 string characters out of 5903630
 488967 words of memory out of 5000000
 27604 multiletter control sequences out of 15000+600000
 663393 words of font info for 104 fonts, out of 8000000 for 9000
 1141 hyphenation exceptions out of 8191
 42i,17n,46p,927b,792s stack positions out of 5000i,500n,10000p,200000b,80000s
{/usr/local/texlive/2020/texmf-dist/fonts/enc/dvips/lm/lm-mathsy.enc}{/usr/loca
l/texlive/2020/texmf-dist/fonts/enc/dvips/lm/lm-rm.enc}{/usr/local/texlive/2020
/texmf-dist/fonts/enc/dvips/lm/lm-ec.enc}{/usr/local/texlive/2020/texmf-dist/fo
nts/enc/dvips/lm/lm-mathit.enc}{/usr/local/texlive/2020/texmf-dist/fonts/enc/dv
ips/lm/lm-mathex.enc}{/usr/local/texlive/2020/texmf-dist/fonts/enc/dvips/base/8
r.enc}</usr/local/texlive/2020/texmf-dist/fonts/type1/public/lm/lmb10.pfb></usr
/local/texlive/2020/texmf-dist/fonts/type1/public/lm/lmbo10.pfb></usr/local/tex
live/2020/texmf-dist/fonts/type1/public/lm/lmbx10.pfb></usr/local/texlive/2020/
texmf-dist/fonts/type1/public/lm/lmbx12.pfb></usr/local/texlive/2020/texmf-dist
/fonts/type1/public/lm/lmbx9.pfb></usr/local/texlive/2020/texmf-dist/fonts/type
1/public/lm/lmex10.pfb></usr/local/texlive/2020/texmf-dist/fonts/type1/public/l
m/lmmi10.pfb></usr/local/texlive/2020/texmf-dist/fonts/type1/public/lm/lmmi6.pf
b></usr/local/texlive/2020/texmf-dist/fonts/type1/public/lm/lmmi8.pfb></usr/loc
al/texlive/2020/texmf-dist/fonts/type1/public/lm/lmmi9.pfb></usr/local/texlive/
2020/texmf-dist/fonts/type1/public/lm/lmmib10.pfb></usr/local/texlive/2020/texm
f-dist/fonts/type1/public/lm/lmr10.pfb></usr/local/texlive/2020/texmf-dist/font
s/type1/public/lm/lmr6.pfb></usr/local/texlive/2020/texmf-dist/fonts/type1/publ
ic/lm/lmr8.pfb></usr/local/texlive/2020/texmf-dist/fonts/type1/public/lm/lmr9.p
fb></usr/local/texlive/2020/texmf-dist/fonts/type1/public/lm/lmri10.pfb></usr/l
ocal/texlive/2020/texmf-dist/fonts/type1/public/lm/lmri12.pfb></usr/local/texli
ve/2020/texmf-dist/fonts/type1/public/lm/lmro10.pfb></usr/local/texlive/2020/te
xmf-dist/fonts/type1/public/lm/lmss10.pfb></usr/local/texlive/2020/texmf-dist/f
onts/type1/public/lm/lmsy10.pfb></usr/local/texlive/2020/texmf-dist/fonts/type1
/public/lm/lmsy6.pfb></usr/local/texlive/2020/texmf-dist/fonts/type1/public/lm/
lmsy8.pfb></usr/local/texlive/2020/texmf-dist/fonts/type1/public/lm/lmsy9.pfb><
/usr/local/texlive/2020/texmf-dist/fonts/type1/public/lm/lmtt10.pfb></usr/local
/texlive/2020/texmf-dist/fonts/type1/public/amsfonts/symbols/msam10.pfb></usr/l
ocal/texlive/2020/texmf-dist/fonts/type1/public/amsfonts/symbols/msbm10.pfb></u
sr/local/texlive/2020/texmf-dist/fonts/type1/urw/zapfchan/uzcmi8a.pfb>
Output written on article.pdf (22 pages, 1297270 bytes).
PDF statistics:
 338 PDF objects out of 1000 (max. 8388607)
 265 compressed objects within 3 object streams
 76 named destinations out of 1000 (max. 500000)
 31 words of extra memory for PDF output out of 10000 (max. 10000000)

